<?xml version="1.0" encoding="UTF-8"?>
<testng-results skipped="0" failed="1" ignored="0" total="8" passed="7">
  <reporter-output>
  </reporter-output>
  <suite name="Suite" duration-ms="41070" started-at="2018-08-28T09:10:41Z" finished-at="2018-08-28T09:11:22Z">
    <groups>
    </groups>
    <test name="Test" duration-ms="41070" started-at="2018-08-28T09:10:41Z" finished-at="2018-08-28T09:11:22Z">
      <class name="com.Google.testcases.GoogleTestCases">
        <test-method status="PASS" signature="initialization()[pri:0, instance:com.Google.testcases.GoogleTestCases@1d057a39]" name="initialization" is-config="true" duration-ms="231" started-at="2018-08-28T14:40:41Z" finished-at="2018-08-28T14:40:41Z">
          <reporter-output>
          </reporter-output>
        </test-method> <!-- initialization -->
        <test-method status="PASS" signature="invokeBrowser()[pri:0, instance:com.Google.testcases.GoogleTestCases@1d057a39]" name="invokeBrowser" is-config="true" duration-ms="3917" started-at="2018-08-28T14:40:41Z" finished-at="2018-08-28T14:40:45Z">
          <reporter-output>
          </reporter-output>
        </test-method> <!-- invokeBrowser -->
        <test-method status="PASS" signature="verifyGoogleSearchValidString()[pri:0, instance:com.Google.testcases.GoogleTestCases@1d057a39]" name="verifyGoogleSearchValidString" duration-ms="2842" started-at="2018-08-28T14:40:45Z" finished-at="2018-08-28T14:40:48Z">
          <reporter-output>
          </reporter-output>
        </test-method> <!-- verifyGoogleSearchValidString -->
        <test-method status="PASS" signature="afterAMethod(org.testng.ITestResult)[pri:0, instance:com.Google.testcases.GoogleTestCases@1d057a39]" name="afterAMethod" is-config="true" duration-ms="1" started-at="2018-08-28T14:40:48Z" finished-at="2018-08-28T14:40:48Z">
          <params>
            <param index="0">
              <value>
                <![CDATA[[TestResult name=verifyGoogleSearchValidString status=SUCCESS method=GoogleTestCases.verifyGoogleSearchValidString()[pri:0, instance:com.Google.testcases.GoogleTestCases@1d057a39] output={null}]]]>
              </value>
            </param>
          </params>
          <reporter-output>
          </reporter-output>
        </test-method> <!-- afterAMethod -->
        <test-method status="PASS" signature="verifyIAmFeelingLuckyLink()[pri:1, instance:com.Google.testcases.GoogleTestCases@1d057a39]" name="verifyIAmFeelingLuckyLink" duration-ms="1252" started-at="2018-08-28T14:40:48Z" finished-at="2018-08-28T14:40:49Z">
          <reporter-output>
          </reporter-output>
        </test-method> <!-- verifyIAmFeelingLuckyLink -->
        <test-method status="PASS" signature="afterAMethod(org.testng.ITestResult)[pri:0, instance:com.Google.testcases.GoogleTestCases@1d057a39]" name="afterAMethod" is-config="true" duration-ms="1" started-at="2018-08-28T14:40:49Z" finished-at="2018-08-28T14:40:49Z">
          <params>
            <param index="0">
              <value>
                <![CDATA[[TestResult name=verifyIAmFeelingLuckyLink status=SUCCESS method=GoogleTestCases.verifyIAmFeelingLuckyLink()[pri:1, instance:com.Google.testcases.GoogleTestCases@1d057a39] output={null}]]]>
              </value>
            </param>
          </params>
          <reporter-output>
          </reporter-output>
        </test-method> <!-- afterAMethod -->
        <test-method status="PASS" signature="verifyGoogleSearchInvalidString()[pri:2, instance:com.Google.testcases.GoogleTestCases@1d057a39]" name="verifyGoogleSearchInvalidString" duration-ms="10947" started-at="2018-08-28T14:40:49Z" finished-at="2018-08-28T14:41:00Z">
          <reporter-output>
          </reporter-output>
        </test-method> <!-- verifyGoogleSearchInvalidString -->
        <test-method status="PASS" signature="afterAMethod(org.testng.ITestResult)[pri:0, instance:com.Google.testcases.GoogleTestCases@1d057a39]" name="afterAMethod" is-config="true" duration-ms="1" started-at="2018-08-28T14:41:00Z" finished-at="2018-08-28T14:41:00Z">
          <params>
            <param index="0">
              <value>
                <![CDATA[[TestResult name=verifyGoogleSearchInvalidString status=SUCCESS method=GoogleTestCases.verifyGoogleSearchInvalidString()[pri:2, instance:com.Google.testcases.GoogleTestCases@1d057a39] output={null}]]]>
              </value>
            </param>
          </params>
          <reporter-output>
          </reporter-output>
        </test-method> <!-- afterAMethod -->
        <test-method status="PASS" signature="verifySearchResultsClickFirstLink()[pri:3, instance:com.Google.testcases.GoogleTestCases@1d057a39]" name="verifySearchResultsClickFirstLink" duration-ms="3733" started-at="2018-08-28T14:41:00Z" finished-at="2018-08-28T14:41:04Z">
          <reporter-output>
          </reporter-output>
        </test-method> <!-- verifySearchResultsClickFirstLink -->
        <test-method status="PASS" signature="afterAMethod(org.testng.ITestResult)[pri:0, instance:com.Google.testcases.GoogleTestCases@1d057a39]" name="afterAMethod" is-config="true" duration-ms="1" started-at="2018-08-28T14:41:04Z" finished-at="2018-08-28T14:41:04Z">
          <params>
            <param index="0">
              <value>
                <![CDATA[[TestResult name=verifySearchResultsClickFirstLink status=SUCCESS method=GoogleTestCases.verifySearchResultsClickFirstLink()[pri:3, instance:com.Google.testcases.GoogleTestCases@1d057a39] output={null}]]]>
              </value>
            </param>
          </params>
          <reporter-output>
          </reporter-output>
        </test-method> <!-- afterAMethod -->
        <test-method status="FAIL" signature="verifyVideosTabSearchResult()[pri:4, instance:com.Google.testcases.GoogleTestCases@1d057a39]" name="verifyVideosTabSearchResult" duration-ms="422" started-at="2018-08-28T14:41:04Z" finished-at="2018-08-28T14:41:04Z">
          <exception class="java.lang.AssertionError">
            <message>
              <![CDATA[videos Search Failed!!!]]>
            </message>
            <full-stacktrace>
              <![CDATA[java.lang.AssertionError: videos Search Failed!!!
	at org.testng.Assert.fail(Assert.java:94)
	at com.Google.testcases.GoogleTestCases.verifyVideosTabSearchResult(GoogleTestCases.java:146)
	at sun.reflect.NativeMethodAccessorImpl.invoke0(Native Method)
	at sun.reflect.NativeMethodAccessorImpl.invoke(NativeMethodAccessorImpl.java:62)
	at sun.reflect.DelegatingMethodAccessorImpl.invoke(DelegatingMethodAccessorImpl.java:43)
	at java.lang.reflect.Method.invoke(Method.java:498)
	at org.testng.internal.MethodInvocationHelper.invokeMethod(MethodInvocationHelper.java:104)
	at org.testng.internal.Invoker.invokeMethod(Invoker.java:645)
	at org.testng.internal.Invoker.invokeTestMethod(Invoker.java:851)
	at org.testng.internal.Invoker.invokeTestMethods(Invoker.java:1177)
	at org.testng.internal.TestMethodWorker.invokeTestMethods(TestMethodWorker.java:129)
	at org.testng.internal.TestMethodWorker.run(TestMethodWorker.java:112)
	at org.testng.TestRunner.privateRun(TestRunner.java:756)
	at org.testng.TestRunner.run(TestRunner.java:610)
	at org.testng.SuiteRunner.runTest(SuiteRunner.java:387)
	at org.testng.SuiteRunner.runSequentially(SuiteRunner.java:382)
	at org.testng.SuiteRunner.privateRun(SuiteRunner.java:340)
	at org.testng.SuiteRunner.run(SuiteRunner.java:289)
	at org.testng.SuiteRunnerWorker.runSuite(SuiteRunnerWorker.java:52)
	at org.testng.SuiteRunnerWorker.run(SuiteRunnerWorker.java:86)
	at org.testng.TestNG.runSuitesSequentially(TestNG.java:1293)
	at org.testng.TestNG.runSuitesLocally(TestNG.java:1218)
	at org.testng.TestNG.runSuites(TestNG.java:1133)
	at org.testng.TestNG.run(TestNG.java:1104)
	at org.testng.remote.AbstractRemoteTestNG.run(AbstractRemoteTestNG.java:114)
	at org.testng.remote.RemoteTestNG.initAndRun(RemoteTestNG.java:251)
	at org.testng.remote.RemoteTestNG.main(RemoteTestNG.java:77)
]]>
            </full-stacktrace>
          </exception> <!-- java.lang.AssertionError -->
          <reporter-output>
          </reporter-output>
        </test-method> <!-- verifyVideosTabSearchResult -->
        <test-method status="PASS" signature="afterAMethod(org.testng.ITestResult)[pri:0, instance:com.Google.testcases.GoogleTestCases@1d057a39]" name="afterAMethod" is-config="true" duration-ms="578" started-at="2018-08-28T14:41:04Z" finished-at="2018-08-28T14:41:05Z">
          <params>
            <param index="0">
              <value>
                <![CDATA[[TestResult name=verifyVideosTabSearchResult status=FAILURE method=GoogleTestCases.verifyVideosTabSearchResult()[pri:4, instance:com.Google.testcases.GoogleTestCases@1d057a39] output={null}]]]>
              </value>
            </param>
          </params>
          <reporter-output>
          </reporter-output>
        </test-method> <!-- afterAMethod -->
        <test-method status="PASS" signature="verifyImagesTabSearchResult()[pri:5, instance:com.Google.testcases.GoogleTestCases@1d057a39]" name="verifyImagesTabSearchResult" duration-ms="2168" started-at="2018-08-28T14:41:05Z" finished-at="2018-08-28T14:41:07Z">
          <reporter-output>
          </reporter-output>
        </test-method> <!-- verifyImagesTabSearchResult -->
        <test-method status="PASS" signature="afterAMethod(org.testng.ITestResult)[pri:0, instance:com.Google.testcases.GoogleTestCases@1d057a39]" name="afterAMethod" is-config="true" duration-ms="0" started-at="2018-08-28T14:41:07Z" finished-at="2018-08-28T14:41:07Z">
          <params>
            <param index="0">
              <value>
                <![CDATA[[TestResult name=verifyImagesTabSearchResult status=SUCCESS method=GoogleTestCases.verifyImagesTabSearchResult()[pri:5, instance:com.Google.testcases.GoogleTestCases@1d057a39] output={null}]]]>
              </value>
            </param>
          </params>
          <reporter-output>
          </reporter-output>
        </test-method> <!-- afterAMethod -->
        <test-method status="PASS" signature="verifyNewsTabSearchResult()[pri:6, instance:com.Google.testcases.GoogleTestCases@1d057a39]" name="verifyNewsTabSearchResult" duration-ms="1501" started-at="2018-08-28T14:41:07Z" finished-at="2018-08-28T14:41:09Z">
          <reporter-output>
          </reporter-output>
        </test-method> <!-- verifyNewsTabSearchResult -->
        <test-method status="PASS" signature="afterAMethod(org.testng.ITestResult)[pri:0, instance:com.Google.testcases.GoogleTestCases@1d057a39]" name="afterAMethod" is-config="true" duration-ms="0" started-at="2018-08-28T14:41:09Z" finished-at="2018-08-28T14:41:09Z">
          <params>
            <param index="0">
              <value>
                <![CDATA[[TestResult name=verifyNewsTabSearchResult status=SUCCESS method=GoogleTestCases.verifyNewsTabSearchResult()[pri:6, instance:com.Google.testcases.GoogleTestCases@1d057a39] output={null}]]]>
              </value>
            </param>
          </params>
          <reporter-output>
          </reporter-output>
        </test-method> <!-- afterAMethod -->
        <test-method status="PASS" signature="verifyMapsTabSearchResult()[pri:7, instance:com.Google.testcases.GoogleTestCases@1d057a39]" name="verifyMapsTabSearchResult" duration-ms="13513" started-at="2018-08-28T14:41:09Z" finished-at="2018-08-28T14:41:22Z">
          <reporter-output>
          </reporter-output>
        </test-method> <!-- verifyMapsTabSearchResult -->
        <test-method status="PASS" signature="closeBrowser()[pri:0, instance:com.Google.testcases.GoogleTestCases@1d057a39]" name="closeBrowser" is-config="true" duration-ms="166" started-at="2018-08-28T14:41:22Z" finished-at="2018-08-28T14:41:22Z">
          <reporter-output>
          </reporter-output>
        </test-method> <!-- closeBrowser -->
        <test-method status="PASS" signature="afterAMethod(org.testng.ITestResult)[pri:0, instance:com.Google.testcases.GoogleTestCases@1d057a39]" name="afterAMethod" is-config="true" duration-ms="0" started-at="2018-08-28T14:41:22Z" finished-at="2018-08-28T14:41:22Z">
          <params>
            <param index="0">
              <value>
                <![CDATA[[TestResult name=verifyMapsTabSearchResult status=SUCCESS method=GoogleTestCases.verifyMapsTabSearchResult()[pri:7, instance:com.Google.testcases.GoogleTestCases@1d057a39] output={null}]]]>
              </value>
            </param>
          </params>
          <reporter-output>
          </reporter-output>
        </test-method> <!-- afterAMethod -->
        <test-method status="PASS" signature="cleanup()[pri:0, instance:com.Google.testcases.GoogleTestCases@1d057a39]" name="cleanup" is-config="true" duration-ms="332" started-at="2018-08-28T14:41:22Z" finished-at="2018-08-28T14:41:23Z">
          <reporter-output>
          </reporter-output>
        </test-method> <!-- cleanup -->
      </class> <!-- com.Google.testcases.GoogleTestCases -->
    </test> <!-- Test -->
  </suite> <!-- Suite -->
</testng-results>
